2015-02-23 14:09:51 INFO  Controller:56 - Web Crawler Controller Started
2015-02-23 14:09:52 INFO  CrawlController:108 - Deleted contents of: /Users/braydengirard/data/crawl/root/frontier ( as you have configured resumable crawling to false )
2015-02-23 14:09:53 INFO  CrawlController:165 - Crawler 1 started
2015-02-23 14:10:38 INFO  Controller:56 - Web Crawler Controller Started
2015-02-23 14:10:38 INFO  CrawlController:108 - Deleted contents of: /Users/braydengirard/data/crawl/root/frontier ( as you have configured resumable crawling to false )
2015-02-23 14:10:40 INFO  CrawlController:165 - Crawler 1 started
2015-02-23 14:11:30 INFO  CrawlController:201 - It looks like no thread is working, waiting for 10 seconds to make sure...
2015-02-23 14:11:40 INFO  CrawlController:217 - No thread is working and no more URLs are in queue waiting for another 10 seconds to make sure...
2015-02-23 14:11:50 INFO  CrawlController:225 - All of the crawlers are stopped. Finishing the process...
2015-02-23 14:11:50 INFO  Crawler:80 - Crawl Thread Complete
2015-02-23 14:11:50 INFO  CrawlController:233 - Waiting for 10 seconds before final clean up...
2015-02-23 14:12:00 INFO  Controller:71 - Done crawling
2015-02-23 14:12:00 INFO  CrawlIndexer:51 - Pooling crawler data
2015-02-23 14:12:00 INFO  CrawlIndexer:178 - Total Documents with Image Alts: 68
2015-02-23 14:12:00 INFO  CrawlIndexer:179 - Total Documents with Metadata: 11
2015-02-23 14:12:00 INFO  CrawlIndexer:180 - Indexing Documents with Alts and Metadata ...
2015-02-23 14:12:00 INFO  CrawlIndexer:100 - Indexing Document: 0
2015-02-23 14:12:00 INFO  CrawlIndexer:100 - Indexing Document: 1
2015-02-23 14:12:00 INFO  CrawlIndexer:100 - Indexing Document: 2
2015-02-23 14:12:00 INFO  CrawlIndexer:100 - Indexing Document: 3
2015-02-23 14:12:00 INFO  CrawlIndexer:100 - Indexing Document: 4
2015-02-23 14:12:00 INFO  CrawlIndexer:100 - Indexing Document: 5
2015-02-23 14:12:00 INFO  CrawlIndexer:100 - Indexing Document: 6
2015-02-23 14:12:01 INFO  CrawlIndexer:100 - Indexing Document: 7
2015-02-23 14:12:01 INFO  CrawlIndexer:100 - Indexing Document: 8
2015-02-23 14:12:01 INFO  CrawlIndexer:100 - Indexing Document: 9
2015-02-23 14:12:01 INFO  CrawlIndexer:100 - Indexing Document: 10
2015-02-23 14:12:01 INFO  CrawlIndexer:100 - Indexing Document: 11
2015-02-23 14:12:01 INFO  CrawlIndexer:100 - Indexing Document: 12
2015-02-23 14:12:01 INFO  CrawlIndexer:100 - Indexing Document: 13
2015-02-23 14:12:01 INFO  CrawlIndexer:100 - Indexing Document: 14
2015-02-23 14:12:01 INFO  CrawlIndexer:100 - Indexing Document: 15
2015-02-23 14:12:01 INFO  CrawlIndexer:100 - Indexing Document: 16
2015-02-23 14:12:01 INFO  CrawlIndexer:100 - Indexing Document: 17
2015-02-23 14:12:01 INFO  CrawlIndexer:100 - Indexing Document: 18
2015-02-23 14:12:01 INFO  CrawlIndexer:100 - Indexing Document: 19
2015-02-23 14:12:01 INFO  CrawlIndexer:100 - Indexing Document: 20
2015-02-23 14:12:01 INFO  CrawlIndexer:100 - Indexing Document: 21
2015-02-23 14:12:01 INFO  CrawlIndexer:100 - Indexing Document: 22
2015-02-23 14:12:01 INFO  CrawlIndexer:100 - Indexing Document: 23
2015-02-23 14:12:01 INFO  CrawlIndexer:100 - Indexing Document: 24
2015-02-23 14:12:01 INFO  CrawlIndexer:100 - Indexing Document: 25
2015-02-23 14:12:01 INFO  CrawlIndexer:100 - Indexing Document: 26
2015-02-23 14:12:01 INFO  CrawlIndexer:100 - Indexing Document: 27
2015-02-23 14:12:01 INFO  CrawlIndexer:100 - Indexing Document: 28
2015-02-23 14:12:01 INFO  CrawlIndexer:100 - Indexing Document: 29
2015-02-23 14:12:01 INFO  CrawlIndexer:100 - Indexing Document: 30
2015-02-23 14:12:01 INFO  CrawlIndexer:100 - Indexing Document: 31
2015-02-23 14:12:01 INFO  CrawlIndexer:100 - Indexing Document: 32
2015-02-23 14:12:01 INFO  CrawlIndexer:100 - Indexing Document: 33
2015-02-23 14:12:01 INFO  CrawlIndexer:100 - Indexing Document: 34
2015-02-23 14:12:01 INFO  CrawlIndexer:100 - Indexing Document: 35
2015-02-23 14:12:01 INFO  CrawlIndexer:100 - Indexing Document: 36
2015-02-23 14:12:01 INFO  CrawlIndexer:100 - Indexing Document: 37
2015-02-23 14:12:01 INFO  CrawlIndexer:100 - Indexing Document: 38
2015-02-23 14:12:01 INFO  CrawlIndexer:100 - Indexing Document: 39
2015-02-23 14:12:01 INFO  CrawlIndexer:100 - Indexing Document: 40
2015-02-23 14:12:01 INFO  CrawlIndexer:100 - Indexing Document: 41
2015-02-23 14:12:01 INFO  CrawlIndexer:100 - Indexing Document: 42
2015-02-23 14:12:01 INFO  CrawlIndexer:100 - Indexing Document: 43
2015-02-23 14:12:01 INFO  CrawlIndexer:100 - Indexing Document: 44
2015-02-23 14:12:01 INFO  CrawlIndexer:100 - Indexing Document: 45
2015-02-23 14:12:01 INFO  CrawlIndexer:100 - Indexing Document: 46
2015-02-23 14:12:01 INFO  CrawlIndexer:100 - Indexing Document: 47
2015-02-23 14:12:01 INFO  CrawlIndexer:100 - Indexing Document: 48
2015-02-23 14:12:01 INFO  CrawlIndexer:100 - Indexing Document: 49
2015-02-23 14:12:01 INFO  CrawlIndexer:100 - Indexing Document: 50
2015-02-23 14:12:01 INFO  CrawlIndexer:100 - Indexing Document: 51
2015-02-23 14:12:01 INFO  CrawlIndexer:100 - Indexing Document: 52
2015-02-23 14:12:01 INFO  CrawlIndexer:100 - Indexing Document: 53
2015-02-23 14:12:01 INFO  CrawlIndexer:100 - Indexing Document: 54
2015-02-23 14:12:01 INFO  CrawlIndexer:100 - Indexing Document: 55
2015-02-23 14:12:01 INFO  CrawlIndexer:100 - Indexing Document: 56
2015-02-23 14:12:01 INFO  CrawlIndexer:100 - Indexing Document: 57
2015-02-23 14:12:01 INFO  CrawlIndexer:100 - Indexing Document: 58
2015-02-23 14:12:01 INFO  CrawlIndexer:100 - Indexing Document: 59
2015-02-23 14:12:01 INFO  CrawlIndexer:100 - Indexing Document: 60
2015-02-23 14:12:01 INFO  CrawlIndexer:100 - Indexing Document: 61
2015-02-23 14:12:01 INFO  CrawlIndexer:100 - Indexing Document: 62
2015-02-23 14:12:01 INFO  CrawlIndexer:100 - Indexing Document: 63
2015-02-23 14:12:01 INFO  CrawlIndexer:100 - Indexing Document: 64
2015-02-23 14:12:01 INFO  CrawlIndexer:100 - Indexing Document: 65
2015-02-23 14:12:01 INFO  CrawlIndexer:100 - Indexing Document: 66
2015-02-23 14:12:01 INFO  CrawlIndexer:100 - Indexing Document: 67
2015-02-23 14:12:01 INFO  CrawlIndexer:100 - Indexing Document: 68
2015-02-23 14:12:01 INFO  CrawlIndexer:100 - Indexing Document: 69
2015-02-23 14:12:01 INFO  CrawlIndexer:100 - Indexing Document: 70
2015-02-23 14:12:01 INFO  CrawlIndexer:100 - Indexing Document: 71
2015-02-23 14:12:01 INFO  CrawlIndexer:100 - Indexing Document: 72
2015-02-23 14:12:01 INFO  CrawlIndexer:100 - Indexing Document: 73
2015-02-23 14:12:01 INFO  CrawlIndexer:100 - Indexing Document: 74
2015-02-23 14:12:01 INFO  CrawlIndexer:100 - Indexing Document: 75
2015-02-23 14:12:01 INFO  CrawlIndexer:100 - Indexing Document: 76
2015-02-23 14:12:01 INFO  CrawlIndexer:100 - Indexing Document: 77
2015-02-23 14:12:01 INFO  CrawlIndexer:100 - Indexing Document: 78
2015-02-23 14:12:01 INFO  CrawlIndexer:191 - Done ...
2015-02-23 14:12:01 INFO  Controller:80 - All Done Goodbye!
2015-02-23 17:07:53 INFO  Controller:56 - Web Crawler Controller Started
2015-02-23 17:07:53 INFO  CrawlController:108 - Deleted contents of: /Users/bensweett/data/crawl/root/frontier ( as you have configured resumable crawling to false )
2015-02-23 17:07:55 INFO  CrawlController:165 - Crawler 1 started
2015-02-23 17:07:59 WARN  Crawler:251 - Exception parsing HTML: loops not allowed
2015-02-23 17:07:59 INFO  Crawler:252 - http://www.carleton.ca/awards/
2015-02-23 17:07:59 WARN  Crawler:251 - Exception parsing HTML: loops not allowed
2015-02-23 17:07:59 INFO  Crawler:252 - http://www.carleton.ca/our-stories/fpa-research-month
2015-02-23 17:08:00 WARN  Crawler:251 - Exception parsing HTML: loops not allowed
2015-02-23 17:08:00 INFO  Crawler:252 - http://www.carleton.ca/ombuds/
2015-02-23 17:08:00 WARN  Crawler:251 - Exception parsing HTML: loops not allowed
2015-02-23 17:08:00 INFO  Crawler:252 - http://www.carleton.ca/registrar/non-degree-students/special-students/
2015-02-23 17:08:01 WARN  Crawler:251 - Exception parsing HTML: loops not allowed
2015-02-23 17:08:01 INFO  Crawler:252 - http://www.carleton.ca/summer/
2015-02-23 17:08:01 WARN  Crawler:251 - Exception parsing HTML: loops not allowed
2015-02-23 17:08:01 INFO  Crawler:252 - http://www.carleton.ca/npsia/
2015-02-23 17:08:01 WARN  Crawler:251 - Exception parsing HTML: loops not allowed
2015-02-23 17:08:01 INFO  Crawler:252 - http://www.carleton.ca/academics/
2015-02-23 17:08:02 WARN  Crawler:251 - Exception parsing HTML: loops not allowed
2015-02-23 17:08:02 INFO  Crawler:252 - http://www.carleton.ca/cie/
2015-02-23 17:08:03 WARN  Crawler:251 - Exception parsing HTML: loops not allowed
2015-02-23 17:08:03 INFO  Crawler:252 - http://www.carleton.ca/academics/support/
2015-02-23 17:08:03 WARN  Crawler:251 - Exception parsing HTML: loops not allowed
2015-02-23 17:08:03 INFO  Crawler:252 - http://www.carleton.ca/directories/
2015-02-23 17:08:04 WARN  Crawler:251 - Exception parsing HTML: loops not allowed
2015-02-23 17:08:04 INFO  Crawler:252 - http://www.carleton.ca/womensstudies/
2015-02-23 17:08:05 WARN  Crawler:251 - Exception parsing HTML: loops not allowed
2015-02-23 17:08:05 INFO  Crawler:252 - http://www.carleton.ca/sasc/writing-tutorial-service/
2015-02-23 17:08:05 WARN  Crawler:251 - Exception parsing HTML: loops not allowed
2015-02-23 17:08:05 INFO  Crawler:252 - http://www.carleton.ca/registrar/
2015-02-23 17:08:06 WARN  Crawler:251 - Exception parsing HTML: loops not allowed
2015-02-23 17:08:06 INFO  Crawler:252 - http://www.carleton.ca/awards/contact-us/
2015-02-23 17:08:07 WARN  Crawler:251 - Exception parsing HTML: loops not allowed
2015-02-23 17:08:07 INFO  Crawler:252 - http://www.carleton.ca/awards/2015/awards-office-adjusted-hours-wednesday-february-18/
2015-02-23 17:08:08 WARN  Crawler:251 - Exception parsing HTML: loops not allowed
2015-02-23 17:08:08 INFO  Crawler:252 - http://www.carleton.ca/awards/cu-events/budgeting-101-6-easy-steps-manage-money-webinar-2/
2015-02-23 17:08:09 WARN  Crawler:251 - Exception parsing HTML: loops not allowed
2015-02-23 17:08:09 INFO  Crawler:252 - http://www.carleton.ca/awards/scholarships/
2015-02-23 17:08:10 WARN  Crawler:251 - Exception parsing HTML: loops not allowed
2015-02-23 17:08:10 INFO  Crawler:252 - http://www.carleton.ca/awards/student-loans/
2015-02-23 17:08:10 WARN  Crawler:251 - Exception parsing HTML: loops not allowed
2015-02-23 17:08:10 INFO  Crawler:252 - http://www.carleton.ca/awards/news/
2015-02-23 17:08:11 WARN  Crawler:251 - Exception parsing HTML: loops not allowed
2015-02-23 17:08:11 INFO  Crawler:252 - http://www.carleton.ca/awards/2015/osapdlft/
2015-02-23 17:08:13 WARN  Crawler:251 - Exception parsing HTML: loops not allowed
2015-02-23 17:08:13 INFO  Crawler:252 - http://www.carleton.ca/awards/faqs/
2015-02-23 17:08:15 WARN  Crawler:251 - Exception parsing HTML: loops not allowed
2015-02-23 17:08:15 INFO  Crawler:252 - http://www.carleton.ca/awards/bursaries/
2015-02-23 17:08:16 WARN  Crawler:251 - Exception parsing HTML: loops not allowed
2015-02-23 17:08:16 INFO  Crawler:252 - http://www.carleton.ca/awards/2015/taxclinicsmarch/
2015-02-23 17:08:17 WARN  Crawler:251 - Exception parsing HTML: loops not allowed
2015-02-23 17:08:17 INFO  Crawler:252 - http://www.carleton.ca/awards/dates/
2015-02-23 17:08:17 WARN  Crawler:251 - Exception parsing HTML: loops not allowed
2015-02-23 17:08:17 INFO  Crawler:252 - http://www.carleton.ca/awards/cu-events/budget-breakers-webinar-4/
2015-02-23 17:08:18 WARN  Crawler:251 - Exception parsing HTML: loops not allowed
2015-02-23 17:08:18 INFO  Crawler:252 - http://www.carleton.ca/awards/cu-events/
2015-02-23 17:08:18 WARN  Crawler:251 - Exception parsing HTML: loops not allowed
2015-02-23 17:08:18 INFO  Crawler:252 - http://www.carleton.ca/awards/2015/upcoming-part-time-osap-application-full-fallwinter-session/
2015-02-23 17:08:19 WARN  Crawler:251 - Exception parsing HTML: loops not allowed
2015-02-23 17:08:19 INFO  Crawler:252 - http://www.carleton.ca/awards/out-of-province-students/
2015-02-23 17:08:20 WARN  Crawler:251 - Exception parsing HTML: loops not allowed
2015-02-23 17:08:20 INFO  Crawler:252 - http://www.carleton.ca/awards/2015/prestigedl/
2015-02-23 17:08:21 WARN  Crawler:251 - Exception parsing HTML: loops not allowed
2015-02-23 17:08:21 INFO  Crawler:252 - http://www.carleton.ca/awards/budgeting/
2015-02-23 17:17:22 INFO  Controller:56 - Web Crawler Controller Started
2015-02-23 17:17:22 INFO  CrawlController:108 - Deleted contents of: /Users/bensweett/data/crawl/root/frontier ( as you have configured resumable crawling to false )
2015-02-23 17:17:24 INFO  CrawlController:165 - Crawler 1 started
2015-02-23 17:17:25 WARN  Crawler:251 - Exception parsing HTML: loops not allowed
2015-02-23 17:17:25 INFO  Crawler:252 - http://www.carleton.ca/
2015-02-23 17:17:26 WARN  Crawler:251 - Exception parsing HTML: loops not allowed
2015-02-23 17:17:26 INFO  Crawler:252 - http://www.carleton.ca/awards/
2015-02-23 17:17:26 WARN  Crawler:251 - Exception parsing HTML: loops not allowed
2015-02-23 17:17:26 INFO  Crawler:252 - http://www.carleton.ca/our-stories/fpa-research-month
2015-02-23 17:17:27 WARN  Crawler:251 - Exception parsing HTML: loops not allowed
2015-02-23 17:17:27 INFO  Crawler:252 - http://www.carleton.ca/ombuds/
2015-02-23 17:17:28 WARN  Crawler:251 - Exception parsing HTML: loops not allowed
2015-02-23 17:17:28 INFO  Crawler:252 - http://www.carleton.ca/registrar/non-degree-students/special-students/
2015-02-23 17:17:28 WARN  Crawler:251 - Exception parsing HTML: loops not allowed
2015-02-23 17:17:28 INFO  Crawler:252 - http://www.carleton.ca/summer/
2015-02-23 17:17:28 WARN  Crawler:251 - Exception parsing HTML: loops not allowed
2015-02-23 17:17:28 INFO  Crawler:252 - http://www.carleton.ca/npsia/
2015-02-23 17:17:29 WARN  Crawler:251 - Exception parsing HTML: loops not allowed
2015-02-23 17:17:29 INFO  Crawler:252 - http://www.carleton.ca/academics/
2015-02-23 17:17:30 WARN  Crawler:251 - Exception parsing HTML: loops not allowed
2015-02-23 17:17:30 INFO  Crawler:252 - http://www.carleton.ca/cie/
2015-02-23 17:17:30 WARN  Crawler:251 - Exception parsing HTML: loops not allowed
2015-02-23 17:17:30 INFO  Crawler:252 - http://www.carleton.ca/academics/support/
2015-02-23 17:17:31 WARN  Crawler:251 - Exception parsing HTML: loops not allowed
2015-02-23 17:17:31 INFO  Crawler:252 - http://www.carleton.ca/directories/
2015-02-23 17:17:32 WARN  Crawler:251 - Exception parsing HTML: loops not allowed
2015-02-23 17:17:32 INFO  Crawler:252 - http://www.carleton.ca/womensstudies/
2015-02-23 17:17:32 WARN  Crawler:251 - Exception parsing HTML: loops not allowed
2015-02-23 17:17:32 INFO  Crawler:252 - http://www.carleton.ca/sasc/writing-tutorial-service/
2015-02-23 17:17:32 WARN  Crawler:251 - Exception parsing HTML: loops not allowed
2015-02-23 17:17:32 INFO  Crawler:252 - http://www.carleton.ca/registrar/
2015-02-23 17:22:47 INFO  Controller:57 - Web Crawler Controller Started
2015-02-23 17:22:48 INFO  CrawlController:108 - Deleted contents of: /Users/bensweett/data/crawl/root/frontier ( as you have configured resumable crawling to false )
2015-02-23 17:22:49 INFO  CrawlController:165 - Crawler 1 started
2015-02-23 17:23:29 INFO  CrawlController:201 - It looks like no thread is working, waiting for 10 seconds to make sure...
2015-02-23 17:23:39 INFO  CrawlController:217 - No thread is working and no more URLs are in queue waiting for another 10 seconds to make sure...
2015-02-23 17:23:49 INFO  CrawlController:225 - All of the crawlers are stopped. Finishing the process...
2015-02-23 17:23:50 INFO  Crawler:80 - Crawl Thread Complete
2015-02-23 17:23:50 INFO  CrawlController:233 - Waiting for 10 seconds before final clean up...
2015-02-23 17:24:00 INFO  Controller:73 - Done crawling
2015-02-23 17:24:00 INFO  CrawlIndexer:51 - Pooling crawler data
2015-02-23 17:24:00 INFO  CrawlIndexer:178 - Total Documents with Image Alts: 100
2015-02-23 17:24:00 INFO  CrawlIndexer:179 - Total Documents with Metadata: 0
2015-02-23 17:24:00 INFO  CrawlIndexer:180 - Indexing Documents with Alts and Metadata ...
2015-02-23 17:24:00 INFO  CrawlIndexer:100 - Indexing Document: 0
2015-02-23 17:24:00 INFO  CrawlIndexer:100 - Indexing Document: 1
2015-02-23 17:24:00 INFO  CrawlIndexer:100 - Indexing Document: 2
2015-02-23 17:24:00 INFO  CrawlIndexer:100 - Indexing Document: 3
2015-02-23 17:24:00 INFO  CrawlIndexer:100 - Indexing Document: 4
2015-02-23 17:24:00 INFO  CrawlIndexer:100 - Indexing Document: 5
2015-02-23 17:24:00 INFO  CrawlIndexer:100 - Indexing Document: 6
2015-02-23 17:24:00 INFO  CrawlIndexer:100 - Indexing Document: 7
2015-02-23 17:24:00 INFO  CrawlIndexer:100 - Indexing Document: 8
2015-02-23 17:24:00 INFO  CrawlIndexer:100 - Indexing Document: 9
2015-02-23 17:24:00 INFO  CrawlIndexer:100 - Indexing Document: 10
2015-02-23 17:24:00 INFO  CrawlIndexer:100 - Indexing Document: 11
2015-02-23 17:24:00 INFO  CrawlIndexer:100 - Indexing Document: 12
2015-02-23 17:24:00 INFO  CrawlIndexer:100 - Indexing Document: 13
2015-02-23 17:24:00 INFO  CrawlIndexer:100 - Indexing Document: 14
2015-02-23 17:24:00 INFO  CrawlIndexer:100 - Indexing Document: 15
2015-02-23 17:24:00 INFO  CrawlIndexer:100 - Indexing Document: 16
2015-02-23 17:24:00 INFO  CrawlIndexer:100 - Indexing Document: 17
2015-02-23 17:24:00 INFO  CrawlIndexer:100 - Indexing Document: 18
2015-02-23 17:24:00 INFO  CrawlIndexer:100 - Indexing Document: 19
2015-02-23 17:24:00 INFO  CrawlIndexer:100 - Indexing Document: 20
2015-02-23 17:24:00 INFO  CrawlIndexer:100 - Indexing Document: 21
2015-02-23 17:24:00 INFO  CrawlIndexer:100 - Indexing Document: 22
2015-02-23 17:24:00 INFO  CrawlIndexer:100 - Indexing Document: 23
2015-02-23 17:24:00 INFO  CrawlIndexer:100 - Indexing Document: 24
2015-02-23 17:24:00 INFO  CrawlIndexer:100 - Indexing Document: 25
2015-02-23 17:24:00 INFO  CrawlIndexer:100 - Indexing Document: 26
2015-02-23 17:24:00 INFO  CrawlIndexer:100 - Indexing Document: 27
2015-02-23 17:24:00 INFO  CrawlIndexer:100 - Indexing Document: 28
2015-02-23 17:24:00 INFO  CrawlIndexer:100 - Indexing Document: 29
2015-02-23 17:24:00 INFO  CrawlIndexer:100 - Indexing Document: 30
2015-02-23 17:24:00 INFO  CrawlIndexer:100 - Indexing Document: 31
2015-02-23 17:24:00 INFO  CrawlIndexer:100 - Indexing Document: 32
2015-02-23 17:24:00 INFO  CrawlIndexer:100 - Indexing Document: 33
2015-02-23 17:24:00 INFO  CrawlIndexer:100 - Indexing Document: 34
2015-02-23 17:24:00 INFO  CrawlIndexer:100 - Indexing Document: 35
2015-02-23 17:24:00 INFO  CrawlIndexer:100 - Indexing Document: 36
2015-02-23 17:24:00 INFO  CrawlIndexer:100 - Indexing Document: 37
2015-02-23 17:24:00 INFO  CrawlIndexer:100 - Indexing Document: 38
2015-02-23 17:24:00 INFO  CrawlIndexer:100 - Indexing Document: 39
2015-02-23 17:24:00 INFO  CrawlIndexer:100 - Indexing Document: 40
2015-02-23 17:24:00 INFO  CrawlIndexer:100 - Indexing Document: 41
2015-02-23 17:24:00 INFO  CrawlIndexer:100 - Indexing Document: 42
2015-02-23 17:24:00 INFO  CrawlIndexer:100 - Indexing Document: 43
2015-02-23 17:24:00 INFO  CrawlIndexer:100 - Indexing Document: 44
2015-02-23 17:24:00 INFO  CrawlIndexer:100 - Indexing Document: 45
2015-02-23 17:24:00 INFO  CrawlIndexer:100 - Indexing Document: 46
2015-02-23 17:24:00 INFO  CrawlIndexer:100 - Indexing Document: 47
2015-02-23 17:24:00 INFO  CrawlIndexer:100 - Indexing Document: 48
2015-02-23 17:24:00 INFO  CrawlIndexer:100 - Indexing Document: 49
2015-02-23 17:24:00 INFO  CrawlIndexer:100 - Indexing Document: 50
2015-02-23 17:24:00 INFO  CrawlIndexer:100 - Indexing Document: 51
2015-02-23 17:24:00 INFO  CrawlIndexer:100 - Indexing Document: 52
2015-02-23 17:24:00 INFO  CrawlIndexer:100 - Indexing Document: 53
2015-02-23 17:24:00 INFO  CrawlIndexer:100 - Indexing Document: 54
2015-02-23 17:24:00 INFO  CrawlIndexer:100 - Indexing Document: 55
2015-02-23 17:24:00 INFO  CrawlIndexer:100 - Indexing Document: 56
2015-02-23 17:24:00 INFO  CrawlIndexer:100 - Indexing Document: 57
2015-02-23 17:24:00 INFO  CrawlIndexer:100 - Indexing Document: 58
2015-02-23 17:24:00 INFO  CrawlIndexer:100 - Indexing Document: 59
2015-02-23 17:24:00 INFO  CrawlIndexer:100 - Indexing Document: 60
2015-02-23 17:24:00 INFO  CrawlIndexer:100 - Indexing Document: 61
2015-02-23 17:24:00 INFO  CrawlIndexer:100 - Indexing Document: 62
2015-02-23 17:24:00 INFO  CrawlIndexer:100 - Indexing Document: 63
2015-02-23 17:24:00 INFO  CrawlIndexer:100 - Indexing Document: 64
2015-02-23 17:24:00 INFO  CrawlIndexer:100 - Indexing Document: 65
2015-02-23 17:24:00 INFO  CrawlIndexer:100 - Indexing Document: 66
2015-02-23 17:24:00 INFO  CrawlIndexer:100 - Indexing Document: 67
2015-02-23 17:24:00 INFO  CrawlIndexer:100 - Indexing Document: 68
2015-02-23 17:24:00 INFO  CrawlIndexer:100 - Indexing Document: 69
2015-02-23 17:24:00 INFO  CrawlIndexer:100 - Indexing Document: 70
2015-02-23 17:24:00 INFO  CrawlIndexer:100 - Indexing Document: 71
2015-02-23 17:24:00 INFO  CrawlIndexer:100 - Indexing Document: 72
2015-02-23 17:24:00 INFO  CrawlIndexer:100 - Indexing Document: 73
2015-02-23 17:24:00 INFO  CrawlIndexer:100 - Indexing Document: 74
2015-02-23 17:24:00 INFO  CrawlIndexer:100 - Indexing Document: 75
2015-02-23 17:24:00 INFO  CrawlIndexer:100 - Indexing Document: 76
2015-02-23 17:24:00 INFO  CrawlIndexer:100 - Indexing Document: 77
2015-02-23 17:24:00 INFO  CrawlIndexer:100 - Indexing Document: 78
2015-02-23 17:24:00 INFO  CrawlIndexer:100 - Indexing Document: 79
2015-02-23 17:24:00 INFO  CrawlIndexer:100 - Indexing Document: 80
2015-02-23 17:24:00 INFO  CrawlIndexer:100 - Indexing Document: 81
2015-02-23 17:24:00 INFO  CrawlIndexer:100 - Indexing Document: 82
2015-02-23 17:24:00 INFO  CrawlIndexer:100 - Indexing Document: 83
2015-02-23 17:24:00 INFO  CrawlIndexer:100 - Indexing Document: 84
2015-02-23 17:24:00 INFO  CrawlIndexer:100 - Indexing Document: 85
2015-02-23 17:24:00 INFO  CrawlIndexer:100 - Indexing Document: 86
2015-02-23 17:24:00 INFO  CrawlIndexer:100 - Indexing Document: 87
2015-02-23 17:24:00 INFO  CrawlIndexer:100 - Indexing Document: 88
2015-02-23 17:24:00 INFO  CrawlIndexer:100 - Indexing Document: 89
2015-02-23 17:24:00 INFO  CrawlIndexer:100 - Indexing Document: 90
2015-02-23 17:24:00 INFO  CrawlIndexer:100 - Indexing Document: 91
2015-02-23 17:24:00 INFO  CrawlIndexer:100 - Indexing Document: 92
2015-02-23 17:24:00 INFO  CrawlIndexer:100 - Indexing Document: 93
2015-02-23 17:24:00 INFO  CrawlIndexer:100 - Indexing Document: 94
2015-02-23 17:24:00 INFO  CrawlIndexer:100 - Indexing Document: 95
2015-02-23 17:24:00 INFO  CrawlIndexer:100 - Indexing Document: 96
2015-02-23 17:24:00 INFO  CrawlIndexer:100 - Indexing Document: 97
2015-02-23 17:24:00 INFO  CrawlIndexer:100 - Indexing Document: 98
2015-02-23 17:24:00 INFO  CrawlIndexer:100 - Indexing Document: 99
2015-02-23 17:24:00 INFO  CrawlIndexer:191 - Done ...
2015-02-23 17:24:00 INFO  Controller:82 - All Done Goodbye!
